<?xml version="1.0" encoding="UTF-8"?>
<coverage generated="1691920091022" clover="3.2.0">
  <project timestamp="1691920091022" name="All files">
    <metrics statements="34" coveredstatements="34" conditionals="12" coveredconditionals="12" methods="9" coveredmethods="9" elements="55" coveredelements="55" complexity="0" loc="34" ncloc="34" packages="1" files="1" classes="1"/>
    <file name="Counter.jsx" path="G:\Frontend\React-JS\testing\counter-testing\src\Counter.jsx">
      <metrics statements="34" coveredstatements="34" conditionals="12" coveredconditionals="12" methods="9" coveredmethods="9"/>
      <line num="1" count="1" type="stmt"/>
      <line num="2" count="1" type="stmt"/>
      <line num="3" count="1" type="cond" truecount="1" falsecount="0"/>
      <line num="4" count="12" type="stmt"/>
      <line num="5" count="12" type="stmt"/>
      <line num="6" count="12" type="cond" truecount="1" falsecount="0"/>
      <line num="7" count="1" type="cond" truecount="1" falsecount="0"/>
      <line num="8" count="1" type="stmt"/>
      <line num="9" count="12" type="stmt"/>
      <line num="10" count="12" type="cond" truecount="1" falsecount="0"/>
      <line num="11" count="1" type="cond" truecount="1" falsecount="0"/>
      <line num="12" count="1" type="stmt"/>
      <line num="13" count="12" type="stmt"/>
      <line num="14" count="12" type="cond" truecount="1" falsecount="0"/>
      <line num="15" count="2" type="stmt"/>
      <line num="16" count="2" type="stmt"/>
      <line num="17" count="12" type="stmt"/>
      <line num="18" count="12" type="cond" truecount="1" falsecount="0"/>
      <line num="19" count="1" type="cond" truecount="1" falsecount="0"/>
      <line num="20" count="1" type="stmt"/>
      <line num="21" count="12" type="stmt"/>
      <line num="22" count="12" type="stmt"/>
      <line num="23" count="12" type="stmt"/>
      <line num="24" count="12" type="stmt"/>
      <line num="25" count="12" type="stmt"/>
      <line num="26" count="12" type="cond" truecount="1" falsecount="0"/>
      <line num="27" count="12" type="cond" truecount="1" falsecount="0"/>
      <line num="28" count="12" type="cond" truecount="1" falsecount="0"/>
      <line num="29" count="12" type="cond" truecount="1" falsecount="0"/>
      <line num="30" count="12" type="stmt"/>
      <line num="31" count="12" type="stmt"/>
      <line num="32" count="12" type="stmt"/>
      <line num="33" count="1" type="stmt"/>
      <line num="34" count="1" type="stmt"/>
    </file>
  </project>
</coverage>
