{"G:\\Frontend\\React-JS\\testing\\counter-testing\\src\\Counter.jsx": {"path":"G:\\Frontend\\React-JS\\testing\\counter-testing\\src\\Counter.jsx","all":false,"statementMap":{"0":{"start":{"line":1,"column":0},"end":{"line":1,"column":40}},"1":{"start":{"line":2,"column":0},"end":{"line":2,"column":0}},"2":{"start":{"line":3,"column":0},"end":{"line":3,"column":39}},"3":{"start":{"line":4,"column":0},"end":{"line":4,"column":51}},"4":{"start":{"line":5,"column":0},"end":{"line":5,"column":0}},"5":{"start":{"line":6,"column":0},"end":{"line":6,"column":27}},"6":{"start":{"line":7,"column":0},"end":{"line":7,"column":33}},"7":{"start":{"line":8,"column":0},"end":{"line":8,"column":4}},"8":{"start":{"line":9,"column":0},"end":{"line":9,"column":0}},"9":{"start":{"line":10,"column":0},"end":{"line":10,"column":27}},"10":{"start":{"line":11,"column":0},"end":{"line":11,"column":33}},"11":{"start":{"line":12,"column":0},"end":{"line":12,"column":4}},"12":{"start":{"line":13,"column":0},"end":{"line":13,"column":0}},"13":{"start":{"line":14,"column":0},"end":{"line":14,"column":24}},"14":{"start":{"line":15,"column":0},"end":{"line":15,"column":16}},"15":{"start":{"line":16,"column":0},"end":{"line":16,"column":4}},"16":{"start":{"line":17,"column":0},"end":{"line":17,"column":0}},"17":{"start":{"line":18,"column":0},"end":{"line":18,"column":29}},"18":{"start":{"line":19,"column":0},"end":{"line":19,"column":34}},"19":{"start":{"line":20,"column":0},"end":{"line":20,"column":4}},"20":{"start":{"line":21,"column":0},"end":{"line":21,"column":10}},"21":{"start":{"line":22,"column":0},"end":{"line":22,"column":9}},"22":{"start":{"line":23,"column":0},"end":{"line":23,"column":10}},"23":{"start":{"line":24,"column":0},"end":{"line":24,"column":52}},"24":{"start":{"line":25,"column":0},"end":{"line":25,"column":11}},"25":{"start":{"line":26,"column":0},"end":{"line":26,"column":60}},"26":{"start":{"line":27,"column":0},"end":{"line":27,"column":60}},"27":{"start":{"line":28,"column":0},"end":{"line":28,"column":53}},"28":{"start":{"line":29,"column":0},"end":{"line":29,"column":65}},"29":{"start":{"line":30,"column":0},"end":{"line":30,"column":10}},"30":{"start":{"line":31,"column":0},"end":{"line":31,"column":4}},"31":{"start":{"line":32,"column":0},"end":{"line":32,"column":2}},"32":{"start":{"line":33,"column":0},"end":{"line":33,"column":0}},"33":{"start":{"line":34,"column":0},"end":{"line":34,"column":23}}},"s":{"0":1,"1":1,"2":1,"3":12,"4":12,"5":12,"6":1,"7":1,"8":12,"9":12,"10":1,"11":1,"12":12,"13":12,"14":2,"15":2,"16":12,"17":12,"18":1,"19":1,"20":12,"21":12,"22":12,"23":12,"24":12,"25":12,"26":12,"27":12,"28":12,"29":12,"30":12,"31":12,"32":1,"33":1},"branchMap":{"0":{"type":"branch","line":3,"loc":{"start":{"line":3,"column":16},"end":{"line":32,"column":2}},"locations":[{"start":{"line":3,"column":16},"end":{"line":32,"column":2}}]},"1":{"type":"branch","line":6,"loc":{"start":{"line":6,"column":20},"end":{"line":8,"column":4}},"locations":[{"start":{"line":6,"column":20},"end":{"line":8,"column":4}}]},"2":{"type":"branch","line":7,"loc":{"start":{"line":7,"column":13},"end":{"line":7,"column":31}},"locations":[{"start":{"line":7,"column":13},"end":{"line":7,"column":31}}]},"3":{"type":"branch","line":10,"loc":{"start":{"line":10,"column":20},"end":{"line":12,"column":4}},"locations":[{"start":{"line":10,"column":20},"end":{"line":12,"column":4}}]},"4":{"type":"branch","line":11,"loc":{"start":{"line":11,"column":13},"end":{"line":11,"column":31}},"locations":[{"start":{"line":11,"column":13},"end":{"line":11,"column":31}}]},"5":{"type":"branch","line":14,"loc":{"start":{"line":14,"column":17},"end":{"line":16,"column":4}},"locations":[{"start":{"line":14,"column":17},"end":{"line":16,"column":4}}]},"6":{"type":"branch","line":18,"loc":{"start":{"line":18,"column":22},"end":{"line":20,"column":4}},"locations":[{"start":{"line":18,"column":22},"end":{"line":20,"column":4}}]},"7":{"type":"branch","line":19,"loc":{"start":{"line":19,"column":13},"end":{"line":19,"column":32}},"locations":[{"start":{"line":19,"column":13},"end":{"line":19,"column":32}}]},"8":{"type":"branch","line":26,"loc":{"start":{"line":26,"column":23},"end":{"line":26,"column":42}},"locations":[{"start":{"line":26,"column":23},"end":{"line":26,"column":42}}]},"9":{"type":"branch","line":27,"loc":{"start":{"line":27,"column":23},"end":{"line":27,"column":42}},"locations":[{"start":{"line":27,"column":23},"end":{"line":27,"column":42}}]},"10":{"type":"branch","line":28,"loc":{"start":{"line":28,"column":23},"end":{"line":28,"column":39}},"locations":[{"start":{"line":28,"column":23},"end":{"line":28,"column":39}}]},"11":{"type":"branch","line":29,"loc":{"start":{"line":29,"column":23},"end":{"line":29,"column":44}},"locations":[{"start":{"line":29,"column":23},"end":{"line":29,"column":44}}]}},"b":{"0":[12],"1":[1],"2":[1],"3":[1],"4":[1],"5":[2],"6":[1],"7":[1],"8":[1],"9":[1],"10":[2],"11":[1]},"fnMap":{"0":{"name":"Counter","decl":{"start":{"line":3,"column":16},"end":{"line":32,"column":2}},"loc":{"start":{"line":3,"column":16},"end":{"line":32,"column":2}},"line":3},"1":{"name":"increment","decl":{"start":{"line":6,"column":20},"end":{"line":8,"column":4}},"loc":{"start":{"line":6,"column":20},"end":{"line":8,"column":4}},"line":6},"2":{"name":"decrement","decl":{"start":{"line":10,"column":20},"end":{"line":12,"column":4}},"loc":{"start":{"line":10,"column":20},"end":{"line":12,"column":4}},"line":10},"3":{"name":"restet","decl":{"start":{"line":14,"column":17},"end":{"line":16,"column":4}},"loc":{"start":{"line":14,"column":17},"end":{"line":16,"column":4}},"line":14},"4":{"name":"switchSigns","decl":{"start":{"line":18,"column":22},"end":{"line":20,"column":4}},"loc":{"start":{"line":18,"column":22},"end":{"line":20,"column":4}},"line":18},"5":{"name":"onClick","decl":{"start":{"line":26,"column":23},"end":{"line":26,"column":42}},"loc":{"start":{"line":26,"column":23},"end":{"line":26,"column":42}},"line":26},"6":{"name":"onClick","decl":{"start":{"line":27,"column":23},"end":{"line":27,"column":42}},"loc":{"start":{"line":27,"column":23},"end":{"line":27,"column":42}},"line":27},"7":{"name":"onClick","decl":{"start":{"line":28,"column":23},"end":{"line":28,"column":39}},"loc":{"start":{"line":28,"column":23},"end":{"line":28,"column":39}},"line":28},"8":{"name":"onClick","decl":{"start":{"line":29,"column":23},"end":{"line":29,"column":44}},"loc":{"start":{"line":29,"column":23},"end":{"line":29,"column":44}},"line":29}},"f":{"0":12,"1":1,"2":1,"3":2,"4":1,"5":1,"6":1,"7":2,"8":1}}
}
